<?xml version="1.0" encoding="UTF-8"?>
<!-- Generated by org.testng.reporters.JUnitReportReporter -->
<testsuite hostname="Lenovo" failures="0" tests="4" name="testCases.Test1" time="3.473" errors="0" timestamp="2023-12-05T19:26:17 IST" skipped="2">
  <testcase classname="testCases.Test1" name="testPost" time="2.605"/>
  <testcase classname="testCases.Test1" name="testPost2" time="0.868"/>
  <testcase classname="testCases.Test1" name="testGetSingleUser">
    <skipped/>
  </testcase> <!-- testGetSingleUser -->
  <testcase classname="testCases.Test1" name="testGet">
    <skipped/>
  </testcase> <!-- testGet -->
</testsuite> <!-- testCases.Test1 -->
